<?xml version="1.0" encoding="UTF-8"?>
<!-- Generated by org.testng.reporters.JUnitReportReporter -->
<testsuite hostname="JagrathShetty" failures="0" tests="1" name="testng.LearnHardAssert" time="9.333" errors="0" timestamp="2024-05-02T15:35:08 IST" skipped="0">
  <testcase classname="testng.LearnHardAssert" name="login" time="9.333"/>
  <system-out>
    <![CDATA[Home page is displayed]]>
  </system-out>
</testsuite> <!-- testng.LearnHardAssert -->
