<?xml version="1.0" encoding="UTF-8"?>
<!-- Generated by org.testng.reporters.JUnitReportReporter -->
<testsuite hostname="JagrathShetty" failures="0" tests="1" name="testng.Ferrari" time="7.312" errors="0" timestamp="2024-05-01T12:04:37 IST" skipped="0">
  <testcase classname="testng.Ferrari" name="launchFerrari" time="7.312"/>
  <system-out>
    <![CDATA[Ferrari Launched Successfully]]>
  </system-out>
</testsuite> <!-- testng.Ferrari -->
