<?xml version="1.0" encoding="UTF-8"?>
<!-- Generated by org.testng.reporters.JUnitReportReporter -->
<testsuite hostname="JagrathShetty" failures="0" tests="1" name="CrossBrowser.CrossBrowserTestScript" time="8.100" errors="0" timestamp="2024-05-02T16:43:12 IST" skipped="0">
  <testcase classname="CrossBrowser.CrossBrowserTestScript" name="launch" time="8.100"/>
  <system-out/>
</testsuite> <!-- CrossBrowser.CrossBrowserTestScript -->
