<?xml version="1.0" encoding="UTF-8"?>
<!-- Generated by org.testng.reporters.JUnitReportReporter -->
<testsuite hostname="JagrathShetty" failures="0" tests="3" name="testng.ToLearnDataProvider" time="13.948" errors="0" timestamp="2024-05-02T14:51:18 IST" skipped="0">
  <testcase classname="testng.ToLearnDataProvider" name="login" time="2.982"/>
  <system-out/>
  <testcase classname="testng.ToLearnDataProvider" name="login" time="3.125"/>
  <system-out/>
  <testcase classname="testng.ToLearnDataProvider" name="login" time="7.841"/>
  <system-out/>
</testsuite> <!-- testng.ToLearnDataProvider -->
