<?xml version="1.0" encoding="UTF-8"?>
<!-- Generated by org.testng.reporters.JUnitReportReporter -->
<testsuite hostname="JagrathShetty" failures="0" tests="1" name="testng.TaTa" time="5.815" errors="0" timestamp="2024-05-01T12:04:37 IST" skipped="0">
  <testcase classname="testng.TaTa" name="launchTaTa" time="5.815"/>
  <system-out>
    <![CDATA[Tata Launched Successfully]]>
  </system-out>
</testsuite> <!-- testng.TaTa -->
