<?xml version="1.0" encoding="UTF-8"?>
<!-- Generated by org.testng.reporters.JUnitReportReporter -->
<testsuite hostname="JagrathShetty" failures="0" tests="3" name="testng.TestScript" time="13.512" errors="0" timestamp="2024-05-02T16:59:05 IST" skipped="0">
  <testcase classname="testng.TestScript" name="click" time="4.698"/>
  <system-out>
    <![CDATA[User clicked on books and books page is displayed]]>
  </system-out>
  <testcase classname="testng.TestScript" name="click" time="4.184"/>
  <system-out>
    <![CDATA[User clicked on books and books page is displayed]]>
  </system-out>
  <testcase classname="testng.TestScript" name="click" time="4.630"/>
  <system-out>
    <![CDATA[User clicked on books and books page is displayed]]>
  </system-out>
</testsuite> <!-- testng.TestScript -->
