<?xml version="1.0" encoding="UTF-8"?>
<!-- Generated by org.testng.reporters.JUnitReportReporter -->
<testsuite hostname="JagrathShetty" failures="0" tests="5" name="testng.ToLearnTestNG" time="71.623" errors="0" timestamp="2024-04-30T15:59:15 IST" skipped="1">
  <testcase classname="testng.ToLearnTestNG" name="login" time="19.263"/>
  <system-out>
    <![CDATA[Login testcase executed]]>
  </system-out>
  <testcase classname="testng.ToLearnTestNG" name="login" time="16.826"/>
  <system-out>
    <![CDATA[Login testcase executed]]>
  </system-out>
  <testcase classname="testng.ToLearnTestNG" name="login" time="17.832"/>
  <system-out>
    <![CDATA[Login testcase executed]]>
  </system-out>
  <testcase classname="testng.ToLearnTestNG" name="login" time="17.702"/>
  <system-out>
    <![CDATA[Login testcase executed]]>
  </system-out>
  <testcase classname="testng.ToLearnTestNG" name="register">
    <skipped/>
  </testcase> <!-- register -->
  <system-out/>
</testsuite> <!-- testng.ToLearnTestNG -->
