<?xml version="1.0" encoding="UTF-8"?>
<!-- Generated by org.testng.reporters.JUnitReportReporter -->
<testsuite hostname="JagrathShetty" failures="0" tests="1" name="testng.ConfigurationAnnotation" time="0.005" errors="0" timestamp="2024-05-01T12:43:15 IST" skipped="0">
  <testcase classname="testng.ConfigurationAnnotation" name="demo" time="0.005"/>
  <system-out>
    <![CDATA[@BeforeDemo]]>
  </system-out>
</testsuite> <!-- testng.ConfigurationAnnotation -->
